{"/Users/marymcdonald/launch-school/sundial/usable/server/app/src/controllers/monitor.js": {"path":"/Users/marymcdonald/launch-school/sundial/usable/server/app/src/controllers/monitor.js","statementMap":{"0":{"start":{"line":8,"column":21},"end":{"line":34,"column":1}},"1":{"start":{"line":9,"column":2},"end":{"line":11,"column":3}},"2":{"start":{"line":10,"column":4},"end":{"line":10,"column":17}},"3":{"start":{"line":13,"column":2},"end":{"line":15,"column":3}},"4":{"start":{"line":14,"column":4},"end":{"line":14,"column":17}},"5":{"start":{"line":17,"column":2},"end":{"line":19,"column":3}},"6":{"start":{"line":18,"column":4},"end":{"line":18,"column":17}},"7":{"start":{"line":21,"column":2},"end":{"line":23,"column":3}},"8":{"start":{"line":22,"column":4},"end":{"line":22,"column":17}},"9":{"start":{"line":25,"column":2},"end":{"line":27,"column":3}},"10":{"start":{"line":26,"column":4},"end":{"line":26,"column":17}},"11":{"start":{"line":29,"column":2},"end":{"line":31,"column":3}},"12":{"start":{"line":30,"column":4},"end":{"line":30,"column":17}},"13":{"start":{"line":33,"column":2},"end":{"line":33,"column":14}},"14":{"start":{"line":36,"column":20},"end":{"line":54,"column":1}},"15":{"start":{"line":37,"column":2},"end":{"line":39,"column":3}},"16":{"start":{"line":38,"column":4},"end":{"line":38,"column":17}},"17":{"start":{"line":41,"column":2},"end":{"line":43,"column":3}},"18":{"start":{"line":42,"column":4},"end":{"line":42,"column":17}},"19":{"start":{"line":45,"column":2},"end":{"line":47,"column":3}},"20":{"start":{"line":46,"column":4},"end":{"line":46,"column":17}},"21":{"start":{"line":49,"column":2},"end":{"line":51,"column":3}},"22":{"start":{"line":50,"column":4},"end":{"line":50,"column":17}},"23":{"start":{"line":53,"column":2},"end":{"line":53,"column":14}},"24":{"start":{"line":56,"column":20},"end":{"line":63,"column":1}},"25":{"start":{"line":57,"column":2},"end":{"line":62,"column":3}},"26":{"start":{"line":58,"column":21},"end":{"line":58,"column":45}},"27":{"start":{"line":59,"column":4},"end":{"line":59,"column":23}},"28":{"start":{"line":61,"column":4},"end":{"line":61,"column":16}},"29":{"start":{"line":65,"column":23},"end":{"line":82,"column":1}},"30":{"start":{"line":66,"column":2},"end":{"line":81,"column":3}},"31":{"start":{"line":67,"column":15},"end":{"line":67,"column":28}},"32":{"start":{"line":68,"column":18},"end":{"line":68,"column":33}},"33":{"start":{"line":69,"column":19},"end":{"line":69,"column":35}},"34":{"start":{"line":71,"column":17},"end":{"line":71,"column":62}},"35":{"start":{"line":72,"column":22},"end":{"line":72,"column":57}},"36":{"start":{"line":73,"column":23},"end":{"line":73,"column":60}},"37":{"start":{"line":75,"column":4},"end":{"line":78,"column":7}},"38":{"start":{"line":80,"column":4},"end":{"line":80,"column":16}},"39":{"start":{"line":84,"column":19},"end":{"line":109,"column":1}},"40":{"start":{"line":85,"column":29},"end":{"line":85,"column":37}},"41":{"start":{"line":87,"column":22},"end":{"line":87,"column":32}},"42":{"start":{"line":89,"column":25},"end":{"line":92,"column":3}},"43":{"start":{"line":94,"column":2},"end":{"line":99,"column":3}},"44":{"start":{"line":95,"column":20},"end":{"line":95,"column":132}},"45":{"start":{"line":96,"column":18},"end":{"line":96,"column":36}},"46":{"start":{"line":97,"column":4},"end":{"line":97,"column":27}},"47":{"start":{"line":98,"column":4},"end":{"line":98,"column":23}},"48":{"start":{"line":101,"column":2},"end":{"line":108,"column":3}},"49":{"start":{"line":102,"column":20},"end":{"line":102,"column":54}},"50":{"start":{"line":104,"column":4},"end":{"line":104,"column":28}},"51":{"start":{"line":105,"column":4},"end":{"line":105,"column":22}},"52":{"start":{"line":107,"column":4},"end":{"line":107,"column":16}},"53":{"start":{"line":111,"column":22},"end":{"line":128,"column":1}},"54":{"start":{"line":112,"column":2},"end":{"line":127,"column":3}},"55":{"start":{"line":113,"column":15},"end":{"line":113,"column":28}},"56":{"start":{"line":115,"column":27},"end":{"line":115,"column":52}},"57":{"start":{"line":117,"column":4},"end":{"line":121,"column":5}},"58":{"start":{"line":118,"column":20},"end":{"line":118,"column":76}},"59":{"start":{"line":119,"column":6},"end":{"line":119,"column":29}},"60":{"start":{"line":120,"column":6},"end":{"line":120,"column":18}},"61":{"start":{"line":124,"column":4},"end":{"line":124,"column":27}},"62":{"start":{"line":126,"column":4},"end":{"line":126,"column":16}},"63":{"start":{"line":130,"column":22},"end":{"line":155,"column":1}},"64":{"start":{"line":131,"column":36},"end":{"line":131,"column":44}},"65":{"start":{"line":132,"column":13},"end":{"line":132,"column":26}},"66":{"start":{"line":135,"column":2},"end":{"line":135,"column":38}},"67":{"start":{"line":136,"column":2},"end":{"line":141,"column":3}},"68":{"start":{"line":137,"column":20},"end":{"line":137,"column":136}},"69":{"start":{"line":138,"column":18},"end":{"line":138,"column":36}},"70":{"start":{"line":139,"column":4},"end":{"line":139,"column":27}},"71":{"start":{"line":140,"column":4},"end":{"line":140,"column":23}},"72":{"start":{"line":143,"column":2},"end":{"line":154,"column":3}},"73":{"start":{"line":144,"column":20},"end":{"line":144,"column":65}},"74":{"start":{"line":150,"column":4},"end":{"line":150,"column":32}},"75":{"start":{"line":151,"column":4},"end":{"line":151,"column":22}},"76":{"start":{"line":153,"column":4},"end":{"line":153,"column":16}},"77":{"start":{"line":157,"column":19},"end":{"line":165,"column":1}},"78":{"start":{"line":158,"column":2},"end":{"line":164,"column":3}},"79":{"start":{"line":159,"column":15},"end":{"line":159,"column":28}},"80":{"start":{"line":160,"column":20},"end":{"line":160,"column":46}},"81":{"start":{"line":161,"column":4},"end":{"line":161,"column":22}},"82":{"start":{"line":163,"column":4},"end":{"line":163,"column":16}}},"fnMap":{"0":{"name":"(anonymous_0)","decl":{"start":{"line":8,"column":21},"end":{"line":8,"column":22}},"loc":{"start":{"line":8,"column":34},"end":{"line":34,"column":1}},"line":8},"1":{"name":"(anonymous_1)","decl":{"start":{"line":36,"column":20},"end":{"line":36,"column":21}},"loc":{"start":{"line":36,"column":33},"end":{"line":54,"column":1}},"line":36},"2":{"name":"(anonymous_2)","decl":{"start":{"line":56,"column":20},"end":{"line":56,"column":21}},"loc":{"start":{"line":56,"column":46},"end":{"line":63,"column":1}},"line":56},"3":{"name":"(anonymous_3)","decl":{"start":{"line":65,"column":23},"end":{"line":65,"column":24}},"loc":{"start":{"line":65,"column":49},"end":{"line":82,"column":1}},"line":65},"4":{"name":"(anonymous_4)","decl":{"start":{"line":84,"column":19},"end":{"line":84,"column":20}},"loc":{"start":{"line":84,"column":45},"end":{"line":109,"column":1}},"line":84},"5":{"name":"(anonymous_5)","decl":{"start":{"line":111,"column":22},"end":{"line":111,"column":23}},"loc":{"start":{"line":111,"column":48},"end":{"line":128,"column":1}},"line":111},"6":{"name":"(anonymous_6)","decl":{"start":{"line":130,"column":22},"end":{"line":130,"column":23}},"loc":{"start":{"line":130,"column":48},"end":{"line":155,"column":1}},"line":130},"7":{"name":"(anonymous_7)","decl":{"start":{"line":157,"column":19},"end":{"line":157,"column":20}},"loc":{"start":{"line":157,"column":45},"end":{"line":165,"column":1}},"line":157}},"branchMap":{"0":{"loc":{"start":{"line":9,"column":2},"end":{"line":11,"column":3}},"type":"if","locations":[{"start":{"line":9,"column":2},"end":{"line":11,"column":3}},{"start":{},"end":{}}],"line":9},"1":{"loc":{"start":{"line":13,"column":2},"end":{"line":15,"column":3}},"type":"if","locations":[{"start":{"line":13,"column":2},"end":{"line":15,"column":3}},{"start":{},"end":{}}],"line":13},"2":{"loc":{"start":{"line":13,"column":6},"end":{"line":13,"column":63}},"type":"binary-expr","locations":[{"start":{"line":13,"column":6},"end":{"line":13,"column":23}},{"start":{"line":13,"column":27},"end":{"line":13,"column":63}}],"line":13},"3":{"loc":{"start":{"line":17,"column":2},"end":{"line":19,"column":3}},"type":"if","locations":[{"start":{"line":17,"column":2},"end":{"line":19,"column":3}},{"start":{},"end":{}}],"line":17},"4":{"loc":{"start":{"line":17,"column":6},"end":{"line":17,"column":105}},"type":"binary-expr","locations":[{"start":{"line":17,"column":6},"end":{"line":17,"column":26}},{"start":{"line":17,"column":30},"end":{"line":17,"column":69}},{"start":{"line":17,"column":73},"end":{"line":17,"column":105}}],"line":17},"5":{"loc":{"start":{"line":21,"column":2},"end":{"line":23,"column":3}},"type":"if","locations":[{"start":{"line":21,"column":2},"end":{"line":23,"column":3}},{"start":{},"end":{}}],"line":21},"6":{"loc":{"start":{"line":21,"column":6},"end":{"line":21,"column":95}},"type":"binary-expr","locations":[{"start":{"line":21,"column":6},"end":{"line":21,"column":21}},{"start":{"line":21,"column":26},"end":{"line":21,"column":61}},{"start":{"line":21,"column":65},"end":{"line":21,"column":94}}],"line":21},"7":{"loc":{"start":{"line":25,"column":2},"end":{"line":27,"column":3}},"type":"if","locations":[{"start":{"line":25,"column":2},"end":{"line":27,"column":3}},{"start":{},"end":{}}],"line":25},"8":{"loc":{"start":{"line":25,"column":6},"end":{"line":25,"column":85}},"type":"binary-expr","locations":[{"start":{"line":25,"column":6},"end":{"line":25,"column":18}},{"start":{"line":25,"column":23},"end":{"line":25,"column":55}},{"start":{"line":25,"column":59},"end":{"line":25,"column":84}}],"line":25},"9":{"loc":{"start":{"line":29,"column":2},"end":{"line":31,"column":3}},"type":"if","locations":[{"start":{"line":29,"column":2},"end":{"line":31,"column":3}},{"start":{},"end":{}}],"line":29},"10":{"loc":{"start":{"line":29,"column":6},"end":{"line":29,"column":121}},"type":"binary-expr","locations":[{"start":{"line":29,"column":6},"end":{"line":29,"column":30}},{"start":{"line":29,"column":35},"end":{"line":29,"column":79}},{"start":{"line":29,"column":83},"end":{"line":29,"column":120}}],"line":29},"11":{"loc":{"start":{"line":37,"column":2},"end":{"line":39,"column":3}},"type":"if","locations":[{"start":{"line":37,"column":2},"end":{"line":39,"column":3}},{"start":{},"end":{}}],"line":37},"12":{"loc":{"start":{"line":41,"column":2},"end":{"line":43,"column":3}},"type":"if","locations":[{"start":{"line":41,"column":2},"end":{"line":43,"column":3}},{"start":{},"end":{}}],"line":41},"13":{"loc":{"start":{"line":41,"column":6},"end":{"line":41,"column":63}},"type":"binary-expr","locations":[{"start":{"line":41,"column":6},"end":{"line":41,"column":23}},{"start":{"line":41,"column":27},"end":{"line":41,"column":63}}],"line":41},"14":{"loc":{"start":{"line":45,"column":2},"end":{"line":47,"column":3}},"type":"if","locations":[{"start":{"line":45,"column":2},"end":{"line":47,"column":3}},{"start":{},"end":{}}],"line":45},"15":{"loc":{"start":{"line":45,"column":6},"end":{"line":45,"column":95}},"type":"binary-expr","locations":[{"start":{"line":45,"column":6},"end":{"line":45,"column":21}},{"start":{"line":45,"column":26},"end":{"line":45,"column":61}},{"start":{"line":45,"column":65},"end":{"line":45,"column":94}}],"line":45},"16":{"loc":{"start":{"line":49,"column":2},"end":{"line":51,"column":3}},"type":"if","locations":[{"start":{"line":49,"column":2},"end":{"line":51,"column":3}},{"start":{},"end":{}}],"line":49},"17":{"loc":{"start":{"line":49,"column":6},"end":{"line":49,"column":85}},"type":"binary-expr","locations":[{"start":{"line":49,"column":6},"end":{"line":49,"column":18}},{"start":{"line":49,"column":23},"end":{"line":49,"column":55}},{"start":{"line":49,"column":59},"end":{"line":49,"column":84}}],"line":49},"18":{"loc":{"start":{"line":94,"column":2},"end":{"line":99,"column":3}},"type":"if","locations":[{"start":{"line":94,"column":2},"end":{"line":99,"column":3}},{"start":{},"end":{}}],"line":94},"19":{"loc":{"start":{"line":95,"column":20},"end":{"line":95,"column":132}},"type":"cond-expr","locations":[{"start":{"line":95,"column":49},"end":{"line":95,"column":81}},{"start":{"line":95,"column":84},"end":{"line":95,"column":132}}],"line":95},"20":{"loc":{"start":{"line":117,"column":4},"end":{"line":121,"column":5}},"type":"if","locations":[{"start":{"line":117,"column":4},"end":{"line":121,"column":5}},{"start":{},"end":{}}],"line":117},"21":{"loc":{"start":{"line":136,"column":2},"end":{"line":141,"column":3}},"type":"if","locations":[{"start":{"line":136,"column":2},"end":{"line":141,"column":3}},{"start":{},"end":{}}],"line":136},"22":{"loc":{"start":{"line":137,"column":20},"end":{"line":137,"column":136}},"type":"cond-expr","locations":[{"start":{"line":137,"column":53},"end":{"line":137,"column":85}},{"start":{"line":137,"column":88},"end":{"line":137,"column":136}}],"line":137}},"s":{"0":1,"1":0,"2":0,"3":0,"4":0,"5":0,"6":0,"7":0,"8":0,"9":0,"10":0,"11":0,"12":0,"13":0,"14":1,"15":0,"16":0,"17":0,"18":0,"19":0,"20":0,"21":0,"22":0,"23":0,"24":1,"25":0,"26":0,"27":0,"28":0,"29":1,"30":0,"31":0,"32":0,"33":0,"34":0,"35":0,"36":0,"37":0,"38":0,"39":1,"40":0,"41":0,"42":0,"43":0,"44":0,"45":0,"46":0,"47":0,"48":0,"49":0,"50":0,"51":0,"52":0,"53":1,"54":0,"55":0,"56":0,"57":0,"58":0,"59":0,"60":0,"61":0,"62":0,"63":1,"64":0,"65":0,"66":0,"67":0,"68":0,"69":0,"70":0,"71":0,"72":0,"73":0,"74":0,"75":0,"76":0,"77":1,"78":0,"79":0,"80":0,"81":0,"82":0},"f":{"0":0,"1":0,"2":0,"3":0,"4":0,"5":0,"6":0,"7":0},"b":{"0":[0,0],"1":[0,0],"2":[0,0],"3":[0,0],"4":[0,0,0],"5":[0,0],"6":[0,0,0],"7":[0,0],"8":[0,0,0],"9":[0,0],"10":[0,0,0],"11":[0,0],"12":[0,0],"13":[0,0],"14":[0,0],"15":[0,0,0],"16":[0,0],"17":[0,0,0],"18":[0,0],"19":[0,0],"20":[0,0],"21":[0,0],"22":[0,0]},"_coverageSchema":"1a1c01bbd47fc00a2c39e90264f33305004495a9","hash":"135147bf3b54131e38d8fff9ad86199e9ac9ce41"}
,"/Users/marymcdonald/launch-school/sundial/usable/server/app/src/utils/calculateTotalPages.js": {"path":"/Users/marymcdonald/launch-school/sundial/usable/server/app/src/utils/calculateTotalPages.js","statementMap":{"0":{"start":{"line":1,"column":28},"end":{"line":3,"column":1}},"1":{"start":{"line":2,"column":2},"end":{"line":2,"column":44}}},"fnMap":{"0":{"name":"(anonymous_0)","decl":{"start":{"line":1,"column":28},"end":{"line":1,"column":29}},"loc":{"start":{"line":1,"column":56},"end":{"line":3,"column":1}},"line":1}},"branchMap":{},"s":{"0":1,"1":0},"f":{"0":0},"b":{},"_coverageSchema":"1a1c01bbd47fc00a2c39e90264f33305004495a9","hash":"dbe2340f5954ba6afcbbd0e1e35bf26f8de7c518"}
}
